1751785485715	geckodriver	INFO	Listening on 127.0.0.1:56441
1751785488856	mozrunner::runner	INFO	Running command: "C:\\Program Files\\Mozilla Firefox\\firefox.exe" "--marionette" "--remote-debugging-port" "56442" "--remote-allow-hosts" "localhost" "-no-remote" "-profile" "C:\\Users\\Lenovo\\AppData\\Local\\Temp\\rust_mozprofile27S8Vq"
console.warn: services.settings: Ignoring preference override of remote settings server
console.warn: services.settings: Allow by setting MOZ_REMOTE_SETTINGS_DEVTOOLS=1 in the environment
Dynamically enable window occlusion 0
1751785489961	Marionette	INFO	Marionette enabled
1751785490267	Marionette	INFO	Listening on port 56518
WebDriver BiDi listening on ws://127.0.0.1:56442
Read port: 56518
1751785490635	RemoteAgent	WARN	TLS certificate errors will be ignored for this session
console.error: CustomizableUI: 
  Could not localize property 'fxms-bmb-button.tooltiptext'.
JavaScript error: https://staging.afterall.com/on/demandware.static/Sites-afterall-Site/-/en_US/v1751386483024/app_afterall.js, line 1: ChunkLoadError: Loading chunk 1088 failed.
(error: https://staging.afterall.com/on/demandware.static/Sites-afterall-Site/-/en_US/v1751386483024/common~search.widgets~simple.search.widgets.bundle.js)
JavaScript error: https://staging.afterall.com/on/demandware.static/Sites-afterall-Site/-/en_US/v1751386483024/app_afterall.js, line 1: ChunkLoadError: Loading chunk 2800 failed.
(error: https://staging.afterall.com/on/demandware.static/Sites-afterall-Site/-/en_US/v1751386483024/plan.page.widgets.bundle.js)
JavaScript error: https://staging.afterall.com/on/demandware.static/Sites-afterall-Site/-/en_US/v1751386483024/app_afterall.js, line 1: ChunkLoadError: Loading chunk 7130 failed.
(error: https://staging.afterall.com/on/demandware.static/Sites-afterall-Site/-/en_US/v1751386483024/global.memorial.bundle.js)
JavaScript error: https://staging.afterall.com/on/demandware.static/Sites-afterall-Site/-/en_US/v1751386483024/app_afterall.js, line 1: ChunkLoadError: Loading chunk 7130 failed.
(error: https://staging.afterall.com/on/demandware.static/Sites-afterall-Site/-/en_US/v1751386483024/global.memorial.bundle.js)
JavaScript error: https://staging.afterall.com/on/demandware.static/Sites-afterall-Site/-/en_US/v1751386483024/app_afterall.js, line 1: ChunkLoadError: Loading chunk 3869 failed.
(error: https://staging.afterall.com/on/demandware.static/Sites-afterall-Site/-/en_US/v1751386483024/header.widgets.bundle.js)
console.warn: WindowsJumpLists: "Failed to fetch favicon for " "https://staging.afterall.com/planning/" [Exception... "Failure"  nsresult: "0x80004005 (NS_ERROR_FAILURE)"  location: "<unknown>"  data: no]
1751785622207	Marionette	INFO	Stopped listening on port 56518
Dynamically enable window occlusion 1
JavaScript warning: https://www.googletagmanager.com/gtm.js?id=GTM-WFJWF5DT&gtm_auth=qGyISZxM3l0YhgprzyaJVQ&gtm_preview=env-6&gtm_cookies_win=x, line 200: Script terminated by timeout at:
hd@https://www.googletagmanager.com/gtm.js?id=GTM-WFJWF5DT&gtm_auth=qGyISZxM3l0YhgprzyaJVQ&gtm_preview=env-6&gtm_cookies_win=x:200:124
jd@https://www.googletagmanager.com/gtm.js?id=GTM-WFJWF5DT&gtm_auth=qGyISZxM3l0YhgprzyaJVQ&gtm_preview=env-6&gtm_cookies_win=x:200:307
f@https://www.googletagmanager.com/gtm.js?id=GTM-WFJWF5DT&gtm_auth=qGyISZxM3l0YhgprzyaJVQ&gtm_preview=env-6&gtm_cookies_win=x:211:263
Ad@https://www.googletagmanager.com/gtm.js?id=GTM-WFJWF5DT&gtm_auth=qGyISZxM3l0YhgprzyaJVQ&gtm_preview=env-6&gtm_cookies_win=x:211:693
sL@https://www.googletagmanager.com/gtm.js?id=GTM-WFJWF5DT&gtm_auth=qGyISZxM3l0YhgprzyaJVQ&gtm_preview=env-6&gtm_cookies_win=x:777:200
sh/c<@https://www.googletagmanager.com/gtm.js?id=GTM-WFJWF5DT&gtm_auth=qGyISZxM3l0YhgprzyaJVQ&gtm_preview=env-6&gtm_cookies_win=x:305:405
k.invoke@https://www.googletagmanager.com/gtm.js?id=GTM-WFJWF5DT&gtm_auth=qGyISZxM3l0YhgprzyaJVQ&gtm_preview=env-6&gtm_cookies_win=x:205:362
Ra@https://www.googletagmanager.com/gtm.js?id=GTM-WFJWF5DT&gtm_auth=qGyISZxM3l0YhgprzyaJVQ&gtm_preview=env-6&gtm_cookies_win=x:170:1120
qd.prototype.evaluate@https://www.googletagmanager.com/gtm.js?id=GTM-WFJWF5DT&gtm_auth=qGyISZxM3l0YhgprzyaJVQ&gtm_preview=env-6&gtm_cookies_win=x:207:72
Sd@https://www.googletagmanager.com/gtm.js?id=GTM-WFJWF5DT&gtm_auth=qGyISZxM3l0YhgprzyaJVQ&gtm_preview=env-6&gtm_cookies_win=x:223:207
k.invoke@https://www.googletagmanager.com/gtm.js?id=GTM-WFJWF5DT&gtm_auth=qGyISZxM3l0YhgprzyaJVQ&gtm_preview=env-6&gtm_cookies_win=x:205:362
Ra@https://www.googletagmanager.com/gtm.js?id=GTM-WFJWF5DT&gtm_auth=qGyISZxM3l0YhgprzyaJVQ&gtm_preview=env-6&gtm_cookies_win=x:170:1120
qd.prototype.evaluate@https://www.googletagmanager.com/gtm.js?id=GTM-WFJWF5DT&gtm_auth=qGyISZxM3l0YhgprzyaJVQ&gtm_preview=env-6&gtm_cookies_win=x:207:72
ze@https://www.googletagmanager.com/gtm.js?id=GTM-WFJWF5DT&gtm_auth=qGyISZxM3l0YhgprzyaJVQ&gtm_preview=env-6&gtm_cookies_win=x:234:455
k.invoke@https://www.googletagmanager.com/gtm.js?id=GTM-WFJWF5DT&gtm_auth=qGyISZxM3l0YhgprzyaJVQ&gtm_preview=env-6&gtm_cookies_win=x:205:362
Ra@https://www.googletagmanager.com/gtm.js?id=GTM-WFJWF5DT&gtm_auth=qGyISZxM3l0YhgprzyaJVQ&gtm_preview=env-6&gtm_cookies_win=x:170:1120
Qa@https://www.googletagmanager.com/gtm.js?id=GTM-WFJWF5DT&gtm_auth=qGyISZxM3l0YhgprzyaJVQ&gtm_preview=env-6&gtm_cookies_win=x:170:834
ce/<@https://www.googletagmanager.com/gtm.js?id=GTM-WFJWF5DT&gtm_auth=qGyISZxM3l0YhgprzyaJVQ&gtm_preview=env-6&gtm_cookies_win=x:229:475
k.invoke@https://www.googletagmanager.com/gtm.js?id=GTM-WFJWF5DT&gtm_auth=qGyISZxM3l0YhgprzyaJVQ&gtm_preview=env-6&gtm_cookies_win=x:205:362
Ra@https://www.googletagmanager.com/gtm.js?id=GTM-WFJWF5DT&gtm_auth=qGyISZxM3l0YhgprzyaJVQ&gtm_preview=env-6&gtm_cookies_win=x:170:1120
k.oo@https://www.googletagmanager.com/gtm.js?id=GTM-WFJWF5DT&gtm_auth=qGyISZxM3l0YhgprzyaJVQ&gtm_preview=env-6&gtm_cookies_win=x:171:117
We@https://www.googletagmanager.com/gtm.js?id=GTM-WFJWF5DT&gtm_auth=qGyISZxM3l0YhgprzyaJVQ&gtm_preview=env-6&gtm_cookies_win=x:240:960
cF/<@https://www.googletagmanager.com/gtm.js?id=GTM-WFJWF5DT&gtm_auth=qGyISZxM3l0YhgprzyaJVQ&gtm_preview=env-6&gtm_cookies_win=x:725:317
Vf@https://www.googletagmanager.com/gtm.js?id=GTM-WFJWF5DT&gtm_auth=qGyISZxM3l0YhgprzyaJVQ&gtm_preview=env-6&gtm_cookies_win=x:261:92
Uf@https://www.googletagmanager.com/gtm.js?id=GTM-WFJWF5DT&gtm_auth=qGyISZxM3l0YhgprzyaJVQ&gtm_preview=env-6&gtm_cookies_win=x:257:473
Tf@https://www.googletagmanager.com/gtm.js?id=GTM-WFJWF5DT&gtm_auth=qGyISZxM3l0YhgprzyaJVQ&gtm_preview=env-6&gtm_cookies_win=x:257:81
Sf@https://www.googletagmanager.com/gtm.js?id=GTM-WFJWF5DT&gtm_auth=qGyISZxM3l0YhgprzyaJVQ&gtm_preview=env-6&gtm_cookies_win=x:256:34
ag/<@https://www.googletagmanager.com/gtm.js?id=GTM-WFJWF5DT&gtm_auth=qGyISZxM3l0YhgprzyaJVQ&gtm_preview=env-6&gtm_cookies_win=x:262:282
bg@https://www.googletagmanager.com/gtm.js?id=GTM-WFJWF5DT&gtm_auth=qGyISZxM3l0YhgprzyaJVQ&gtm_preview=env-6&gtm_cookies_win=x:262:67
$f@https://www.googletagmanager.com/gtm.js?id=GTM-WFJWF5DT&gtm_auth=qGyISZxM3l0YhgprzyaJVQ&gtm_preview=env-6&gtm_cookies_win=x:261:1231
SC@https://www.googletagmanager.com/gtm.js?id=GTM-WFJWF5DT&gtm_auth=qGyISZxM3l0YhgprzyaJVQ&gtm_preview=env-6&gtm_cookies_win=x:683:89
KD@https://www.googletagmanager.com/gtm.js?id=GTM-WFJWF5DT&gtm_auth=qGyISZxM3l0YhgprzyaJVQ&gtm_preview=env-6&gtm_cookies_win=x:699:273
ND@https://www.googletagmanager.com/gtm.js?id=GTM-WFJWF5DT&gtm_auth=qGyISZxM3l0YhgprzyaJVQ&gtm_preview=env-6&gtm_cookies_win=x:702:9
PD@https://www.googletagmanager.com/gtm.js?id=GTM-WFJWF5DT&gtm_auth=qGyISZxM3l0YhgprzyaJVQ&gtm_preview=env-6&gtm_cookies_win=x:703:46

console.error: "Failed to fetch https://ads.mozilla.org/v1/delete_user:" "NetworkError when attempting to fetch resource."
console.warn: TopSitesFeed: Failed to fetch data from MARS server: NetworkError when attempting to fetch resource.
JavaScript error: resource://services-settings/RemoteSettingsClient.sys.mjs, line 101: Error: Unknown callback
